[debug] [2020-03-19T00:14:18.685Z] ----------------------------------------------------------------------
[debug] [2020-03-19T00:14:18.686Z] Command:       /Users/haseebthegreat/.nvm/versions/node/v12.13.0/bin/node /Users/haseebthegreat/.nvm/versions/node/v12.13.0/bin/firebase deploy --only functions
[debug] [2020-03-19T00:14:18.686Z] CLI Version:   7.15.1
[debug] [2020-03-19T00:14:18.686Z] Platform:      darwin
[debug] [2020-03-19T00:14:18.686Z] Node Version:  v12.13.0
[debug] [2020-03-19T00:14:18.687Z] Time:          Wed Mar 18 2020 20:14:18 GMT-0400 (Eastern Daylight Time)
[debug] [2020-03-19T00:14:18.687Z] ----------------------------------------------------------------------
[debug] [2020-03-19T00:14:18.687Z] 
[debug] [2020-03-19T00:14:18.696Z] > command requires scopes: ["email","openid","https://www.googleapis.com/auth/cloudplatformprojects.readonly","https://www.googleapis.com/auth/firebase","https://www.googleapis.com/auth/cloud-platform"]
[debug] [2020-03-19T00:14:18.696Z] > authorizing via signed-in user
[debug] [2020-03-19T00:14:18.696Z] [iam] checking project engineeringlabproject for permissions ["cloudfunctions.functions.create","cloudfunctions.functions.delete","cloudfunctions.functions.get","cloudfunctions.functions.list","cloudfunctions.functions.update","cloudfunctions.operations.get","firebase.projects.get"]
[debug] [2020-03-19T00:14:18.697Z] > refreshing access token with scopes: ["email","https://www.googleapis.com/auth/cloud-platform","https://www.googleapis.com/auth/cloudplatformprojects.readonly","https://www.googleapis.com/auth/firebase","openid"]
[debug] [2020-03-19T00:14:18.697Z] >>> HTTP REQUEST POST https://www.googleapis.com/oauth2/v3/token  
 <request body omitted>
[debug] [2020-03-19T00:14:21.946Z] <<< HTTP RESPONSE 200
[debug] [2020-03-19T00:14:21.960Z] >>> HTTP REQUEST POST https://cloudresourcemanager.googleapis.com/v1/projects/engineeringlabproject:testIamPermissions  

[debug] [2020-03-19T00:14:22.449Z] <<< HTTP RESPONSE 200
[info] 
[info] === Deploying to 'engineeringlabproject'...
[info] 
[info] i  deploying functions
[info] Running command: npm --prefix "$RESOURCE_DIR" run lint
[info] ✔  functions: Finished running predeploy script.
[debug] [2020-03-19T00:14:24.064Z] > [functions] package.json contents: {
  "name": "functions",
  "description": "Cloud Functions for Firebase",
  "scripts": {
    "lint": "eslint .",
    "serve": "firebase emulators:start --only functions",
    "shell": "firebase functions:shell",
    "start": "npm run shell",
    "deploy": "firebase deploy --only functions",
    "logs": "firebase functions:log"
  },
  "engines": {
    "node": "8"
  },
  "dependencies": {
    "firebase-admin": "^8.6.0",
    "firebase-functions": "^3.3.0"
  },
  "devDependencies": {
    "eslint": "^5.12.0",
    "eslint-plugin-promise": "^4.0.1",
    "firebase-functions-test": "^0.1.6"
  },
  "private": true
}
[info] i  functions: ensuring necessary APIs are enabled...
[debug] [2020-03-19T00:14:24.065Z] >>> HTTP REQUEST GET https://serviceusage.googleapis.com/v1/projects/engineeringlabproject/services/cloudfunctions.googleapis.com  
 
[debug] [2020-03-19T00:14:24.065Z] >>> HTTP REQUEST GET https://serviceusage.googleapis.com/v1/projects/engineeringlabproject/services/runtimeconfig.googleapis.com  
 
[debug] [2020-03-19T00:14:24.602Z] <<< HTTP RESPONSE 200
[debug] [2020-03-19T00:14:24.653Z] <<< HTTP RESPONSE 200
[info] ✔  functions: all necessary APIs are enabled
[debug] [2020-03-19T00:14:24.655Z] >>> HTTP REQUEST GET https://firebase.googleapis.com/v1beta1/projects/engineeringlabproject/adminSdkConfig  
 
[debug] [2020-03-19T00:14:25.113Z] <<< HTTP RESPONSE 200
[info] i  functions: preparing functions directory for uploading...
[debug] [2020-03-19T00:14:25.117Z] >>> HTTP REQUEST GET https://runtimeconfig.googleapis.com/v1beta1/projects/engineeringlabproject/configs  
 
[debug] [2020-03-19T00:14:25.425Z] <<< HTTP RESPONSE 200
[info] i  functions: packaged functions (40.55 KB) for uploading
[debug] [2020-03-19T00:14:25.559Z] >>> HTTP REQUEST POST https://cloudfunctions.googleapis.com/v1/projects/engineeringlabproject/locations/us-central1/functions:generateUploadUrl  
 
[debug] [2020-03-19T00:14:26.649Z] <<< HTTP RESPONSE 200
[debug] [2020-03-19T00:14:26.651Z] >>> HTTP REQUEST PUT https://storage.googleapis.com/gcf-upload-us-central1-692effda-46de-4679-ad91-be717dd750a4/7c74c86c-869e-4cab-b91f-6c88f97cfc68.zip?GoogleAccessId=service-523387019136@gcf-admin-robot.iam.gserviceaccount.com&Expires=1584578666&Signature=ehlLl8JXFJXyM21Gw8bxQrX8w77s%2BPYoQ3q9J40UlkgN%2BlpLxPohgvaviTtOAfi5HoCm4ghDt%2FcpjplTazQItQpfhK9Iz32mrK%2FpiL7wWk62yEQ%2B0K6la0veFbx5s3Eb5BXHwmBOmL72q6uiJXE0YF9hDWnTUhEzyRIO%2Biv0FExv3zyY4af8rq32Fwz54SbDrsRvGFyTHPN%2Ba8cdIaaqdGXVAvIzrksBmuQl8hSbgpnCEG%2BOITM%2FJnrjz%2FG3z0oE9gvi1livcm1Ls4GBztJdgU3qCa4Bb25U2xe5xXYm%2FbDXBDQlWCqRP9lFfs%2Fh5IO9kOCHvVTujWWhxy0MMJ7lkA%3D%3D  
 <request body omitted>
[debug] [2020-03-19T00:14:27.293Z] <<< HTTP RESPONSE 200
[info] ✔  functions: functions folder uploaded successfully
[debug] [2020-03-19T00:14:27.300Z] >>> HTTP REQUEST GET https://cloudfunctions.googleapis.com/v1/projects/engineeringlabproject/locations/-/functions  
 
[debug] [2020-03-19T00:14:28.143Z] <<< HTTP RESPONSE 200
[info] i  functions: creating Node.js 8 function createMerchant(us-central1)...
[debug] [2020-03-19T00:14:28.146Z] Trigger is:  {"httpsTrigger":{}}
[info] i  functions: creating Node.js 8 function createMerchantTest(us-central1)...
[debug] [2020-03-19T00:14:28.148Z] Trigger is:  {"httpsTrigger":{}}
[info] i  functions: creating Node.js 8 function createCustomer(us-central1)...
[debug] [2020-03-19T00:14:28.149Z] Trigger is:  {"httpsTrigger":{}}
[info] i  functions: creating Node.js 8 function createCustomerTest(us-central1)...
[debug] [2020-03-19T00:14:28.150Z] Trigger is:  {"httpsTrigger":{}}
[info] i  functions: updating Node.js 8 function addShop(us-central1)...
[debug] [2020-03-19T00:14:28.152Z] Trigger is:  {"httpsTrigger":{}}
[info] i  functions: updating Node.js 8 function addShopTest(us-central1)...
[debug] [2020-03-19T00:14:28.153Z] Trigger is:  {"httpsTrigger":{}}
[info] i  functions: updating Node.js 8 function deleteShop(us-central1)...
[debug] [2020-03-19T00:14:28.153Z] Trigger is:  {"httpsTrigger":{}}
[info] i  functions: updating Node.js 8 function deleteShopTest(us-central1)...
[debug] [2020-03-19T00:14:28.154Z] Trigger is:  {"httpsTrigger":{}}
[info] i  functions: updating Node.js 8 function changeShopName(us-central1)...
[debug] [2020-03-19T00:14:28.154Z] Trigger is:  {"httpsTrigger":{}}
[info] i  functions: updating Node.js 8 function changeShopNameTest(us-central1)...
[debug] [2020-03-19T00:14:28.155Z] Trigger is:  {"httpsTrigger":{}}
[info] i  functions: updating Node.js 8 function addTag(us-central1)...
[debug] [2020-03-19T00:14:28.155Z] Trigger is:  {"httpsTrigger":{}}
[info] i  functions: updating Node.js 8 function addTagTest(us-central1)...
[debug] [2020-03-19T00:14:28.155Z] Trigger is:  {"httpsTrigger":{}}
[info] i  functions: updating Node.js 8 function removeTag(us-central1)...
[debug] [2020-03-19T00:14:28.156Z] Trigger is:  {"httpsTrigger":{}}
[info] i  functions: updating Node.js 8 function removeTagTest(us-central1)...
[debug] [2020-03-19T00:14:28.156Z] Trigger is:  {"httpsTrigger":{}}
[info] i  functions: updating Node.js 8 function addItem(us-central1)...
[debug] [2020-03-19T00:14:28.156Z] Trigger is:  {"httpsTrigger":{}}
[info] i  functions: updating Node.js 8 function addItemTest(us-central1)...
[debug] [2020-03-19T00:14:28.157Z] Trigger is:  {"httpsTrigger":{}}
[info] i  functions: updating Node.js 8 function removeItem(us-central1)...
[debug] [2020-03-19T00:14:28.157Z] Trigger is:  {"httpsTrigger":{}}
[info] i  functions: updating Node.js 8 function removeItemTest(us-central1)...
[debug] [2020-03-19T00:14:28.157Z] Trigger is:  {"httpsTrigger":{}}
[info] i  functions: updating Node.js 8 function purchaseItemsFromShop(us-central1)...
[debug] [2020-03-19T00:14:28.158Z] Trigger is:  {"httpsTrigger":{}}
[info] i  functions: updating Node.js 8 function purchaseItemsTest(us-central1)...
[debug] [2020-03-19T00:14:28.158Z] Trigger is:  {"httpsTrigger":{}}
[debug] [2020-03-19T00:14:28.159Z] >>> HTTP REQUEST GET https://serviceusage.googleapis.com/v1/projects/engineeringlabproject/services/cloudscheduler.googleapis.com  
 
[debug] [2020-03-19T00:14:28.791Z] <<< HTTP RESPONSE 200
[debug] [2020-03-19T00:14:28.796Z] >>> HTTP REQUEST POST https://cloudfunctions.googleapis.com/v1/projects/engineeringlabproject/locations/us-central1/functions  

[debug] [2020-03-19T00:14:28.796Z] >>> HTTP REQUEST POST https://cloudfunctions.googleapis.com/v1/projects/engineeringlabproject/locations/us-central1/functions  

[debug] [2020-03-19T00:14:28.797Z] >>> HTTP REQUEST POST https://cloudfunctions.googleapis.com/v1/projects/engineeringlabproject/locations/us-central1/functions  

[debug] [2020-03-19T00:14:28.797Z] >>> HTTP REQUEST POST https://cloudfunctions.googleapis.com/v1/projects/engineeringlabproject/locations/us-central1/functions  

[debug] [2020-03-19T00:14:28.799Z] >>> HTTP REQUEST PATCH https://cloudfunctions.googleapis.com/v1/projects/engineeringlabproject/locations/us-central1/functions/addShop {"updateMask":"sourceUploadUrl,name,labels,runtime,httpsTrigger"} 

[debug] [2020-03-19T00:14:28.799Z] >>> HTTP REQUEST PATCH https://cloudfunctions.googleapis.com/v1/projects/engineeringlabproject/locations/us-central1/functions/addShopTest {"updateMask":"sourceUploadUrl,name,labels,runtime,httpsTrigger"} 

[debug] [2020-03-19T00:14:28.800Z] >>> HTTP REQUEST PATCH https://cloudfunctions.googleapis.com/v1/projects/engineeringlabproject/locations/us-central1/functions/deleteShop {"updateMask":"sourceUploadUrl,name,labels,runtime,httpsTrigger"} 

[debug] [2020-03-19T00:14:28.800Z] >>> HTTP REQUEST PATCH https://cloudfunctions.googleapis.com/v1/projects/engineeringlabproject/locations/us-central1/functions/deleteShopTest {"updateMask":"sourceUploadUrl,name,labels,runtime,httpsTrigger"} 

[debug] [2020-03-19T00:14:28.801Z] >>> HTTP REQUEST PATCH https://cloudfunctions.googleapis.com/v1/projects/engineeringlabproject/locations/us-central1/functions/changeShopName {"updateMask":"sourceUploadUrl,name,labels,runtime,httpsTrigger"} 

[debug] [2020-03-19T00:14:28.801Z] >>> HTTP REQUEST PATCH https://cloudfunctions.googleapis.com/v1/projects/engineeringlabproject/locations/us-central1/functions/changeShopNameTest {"updateMask":"sourceUploadUrl,name,labels,runtime,httpsTrigger"} 

[debug] [2020-03-19T00:14:28.802Z] >>> HTTP REQUEST PATCH https://cloudfunctions.googleapis.com/v1/projects/engineeringlabproject/locations/us-central1/functions/addTag {"updateMask":"sourceUploadUrl,name,labels,runtime,httpsTrigger"} 

[debug] [2020-03-19T00:14:28.802Z] >>> HTTP REQUEST PATCH https://cloudfunctions.googleapis.com/v1/projects/engineeringlabproject/locations/us-central1/functions/addTagTest {"updateMask":"sourceUploadUrl,name,labels,runtime,httpsTrigger"} 

[debug] [2020-03-19T00:14:28.803Z] >>> HTTP REQUEST PATCH https://cloudfunctions.googleapis.com/v1/projects/engineeringlabproject/locations/us-central1/functions/removeTag {"updateMask":"sourceUploadUrl,name,labels,runtime,httpsTrigger"} 

[debug] [2020-03-19T00:14:28.803Z] >>> HTTP REQUEST PATCH https://cloudfunctions.googleapis.com/v1/projects/engineeringlabproject/locations/us-central1/functions/removeTagTest {"updateMask":"sourceUploadUrl,name,labels,runtime,httpsTrigger"} 

[debug] [2020-03-19T00:14:28.806Z] >>> HTTP REQUEST PATCH https://cloudfunctions.googleapis.com/v1/projects/engineeringlabproject/locations/us-central1/functions/addItem {"updateMask":"sourceUploadUrl,name,labels,runtime,httpsTrigger"} 

[debug] [2020-03-19T00:14:28.806Z] >>> HTTP REQUEST PATCH https://cloudfunctions.googleapis.com/v1/projects/engineeringlabproject/locations/us-central1/functions/addItemTest {"updateMask":"sourceUploadUrl,name,labels,runtime,httpsTrigger"} 

[debug] [2020-03-19T00:14:28.807Z] >>> HTTP REQUEST PATCH https://cloudfunctions.googleapis.com/v1/projects/engineeringlabproject/locations/us-central1/functions/removeItem {"updateMask":"sourceUploadUrl,name,labels,runtime,httpsTrigger"} 

[debug] [2020-03-19T00:14:28.807Z] >>> HTTP REQUEST PATCH https://cloudfunctions.googleapis.com/v1/projects/engineeringlabproject/locations/us-central1/functions/removeItemTest {"updateMask":"sourceUploadUrl,name,labels,runtime,httpsTrigger"} 

[debug] [2020-03-19T00:14:28.807Z] >>> HTTP REQUEST PATCH https://cloudfunctions.googleapis.com/v1/projects/engineeringlabproject/locations/us-central1/functions/purchaseItemsFromShop {"updateMask":"sourceUploadUrl,name,labels,runtime,httpsTrigger"} 

[debug] [2020-03-19T00:14:28.808Z] >>> HTTP REQUEST PATCH https://cloudfunctions.googleapis.com/v1/projects/engineeringlabproject/locations/us-central1/functions/purchaseItemsTest {"updateMask":"sourceUploadUrl,name,labels,runtime,httpsTrigger"} 

[debug] [2020-03-19T00:14:29.494Z] <<< HTTP RESPONSE 429
[debug] [2020-03-19T00:14:29.494Z] <<< HTTP RESPONSE BODY
[warn] ⚠  functions: failed to update function addShop
[debug] [2020-03-19T00:14:29.497Z] HTTP Error: 429, Quota exceeded for quota group 'WriteNonbillable' and limit 'Write requests per user per 100 seconds' of service 'cloudfunctions.googleapis.com' for consumer 'project_number:523387019136'. To see usage, go to https://console.cloud.google.com/iam-admin/quotas?quota_group=WriteNonbillable&limit=USER-100s&qs_error_code=INSUFFICIENT_TOKENS&project=engineeringlabproject&service=cloudfunctions.googleapis.com. To request a quota increase, see https://cloud.google.com/functions/quotas.
[info] You have exceeded your deployment quota, please deploy your functions in batches by using the --only flag, and wait a few minutes before deploying again. Go to https://firebase.google.com/docs/cli/#partial_deploys to learn more.
[debug] [2020-03-19T00:14:29.686Z] <<< HTTP RESPONSE 200
[debug] [2020-03-19T00:14:29.826Z] <<< HTTP RESPONSE 200
[debug] [2020-03-19T00:14:29.827Z] Setting public policy for function createMerchant
[debug] [2020-03-19T00:14:29.827Z] >>> HTTP REQUEST POST https://cloudfunctions.googleapis.com/v1/projects/engineeringlabproject/locations/us-central1/functions/createMerchant:setIamPolicy  

[debug] [2020-03-19T00:14:29.828Z] <<< HTTP RESPONSE 200
[debug] [2020-03-19T00:14:29.829Z] <<< HTTP RESPONSE 200
[debug] [2020-03-19T00:14:29.830Z] <<< HTTP RESPONSE 200
[debug] [2020-03-19T00:14:29.830Z] <<< HTTP RESPONSE 200
[debug] [2020-03-19T00:14:29.830Z] Setting public policy for function createCustomerTest
[debug] [2020-03-19T00:14:29.831Z] >>> HTTP REQUEST POST https://cloudfunctions.googleapis.com/v1/projects/engineeringlabproject/locations/us-central1/functions/createCustomerTest:setIamPolicy  

[debug] [2020-03-19T00:14:29.834Z] <<< HTTP RESPONSE 200
[debug] [2020-03-19T00:14:29.834Z] <<< HTTP RESPONSE 200
[debug] [2020-03-19T00:14:29.835Z] <<< HTTP RESPONSE 200
[debug] [2020-03-19T00:14:29.835Z] <<< HTTP RESPONSE 200
[debug] [2020-03-19T00:14:29.836Z] <<< HTTP RESPONSE 200
[debug] [2020-03-19T00:14:29.836Z] <<< HTTP RESPONSE 200
[debug] [2020-03-19T00:14:29.837Z] <<< HTTP RESPONSE 200
[debug] [2020-03-19T00:14:29.837Z] <<< HTTP RESPONSE 200
[debug] [2020-03-19T00:14:29.838Z] <<< HTTP RESPONSE 200
[debug] [2020-03-19T00:14:29.839Z] <<< HTTP RESPONSE 200
[debug] [2020-03-19T00:14:29.839Z] <<< HTTP RESPONSE 200
[debug] [2020-03-19T00:14:29.840Z] <<< HTTP RESPONSE 200
[debug] [2020-03-19T00:14:29.840Z] Setting public policy for function createMerchantTest
[debug] [2020-03-19T00:14:29.840Z] >>> HTTP REQUEST POST https://cloudfunctions.googleapis.com/v1/projects/engineeringlabproject/locations/us-central1/functions/createMerchantTest:setIamPolicy  

[debug] [2020-03-19T00:14:29.872Z] <<< HTTP RESPONSE 200
[debug] [2020-03-19T00:14:29.872Z] Setting public policy for function createCustomer
[debug] [2020-03-19T00:14:29.872Z] >>> HTTP REQUEST POST https://cloudfunctions.googleapis.com/v1/projects/engineeringlabproject/locations/us-central1/functions/createCustomer:setIamPolicy  

[debug] [2020-03-19T00:14:30.080Z] <<< HTTP RESPONSE 429
[debug] [2020-03-19T00:14:30.080Z] <<< HTTP RESPONSE BODY
[debug] [2020-03-19T00:14:30.203Z] <<< HTTP RESPONSE 200
[debug] [2020-03-19T00:14:30.308Z] <<< HTTP RESPONSE 200
[debug] [2020-03-19T00:14:30.318Z] <<< HTTP RESPONSE 200
[debug] [2020-03-19T00:14:30.320Z] >>> HTTP REQUEST GET https://cloudfunctions.googleapis.com/v1/projects/engineeringlabproject/locations/-/functions  
 
[debug] [2020-03-19T00:14:30.777Z] <<< HTTP RESPONSE 200
[debug] [2020-03-19T00:14:30.780Z] >>> HTTP REQUEST GET https://cloudfunctions.googleapis.com/v1/operations/ZW5naW5lZXJpbmdsYWJwcm9qZWN0L3VzLWNlbnRyYWwxL2NyZWF0ZU1lcmNoYW50L3hzWmdENGRoV3Fr  
 
[debug] [2020-03-19T00:14:30.780Z] >>> HTTP REQUEST GET https://cloudfunctions.googleapis.com/v1/operations/ZW5naW5lZXJpbmdsYWJwcm9qZWN0L3VzLWNlbnRyYWwxL2NyZWF0ZU1lcmNoYW50VGVzdC9FUHRJNWZtNkIyTQ  
 
[debug] [2020-03-19T00:14:30.781Z] >>> HTTP REQUEST GET https://cloudfunctions.googleapis.com/v1/operations/ZW5naW5lZXJpbmdsYWJwcm9qZWN0L3VzLWNlbnRyYWwxL2NyZWF0ZUN1c3RvbWVyVGVzdC9SYXMySzFlRUFDOA  
 
[debug] [2020-03-19T00:14:30.781Z] >>> HTTP REQUEST GET https://cloudfunctions.googleapis.com/v1/operations/ZW5naW5lZXJpbmdsYWJwcm9qZWN0L3VzLWNlbnRyYWwxL2FkZFNob3BUZXN0L2NwUDBuZ05CT2w0  
 
[debug] [2020-03-19T00:14:30.781Z] >>> HTTP REQUEST GET https://cloudfunctions.googleapis.com/v1/operations/ZW5naW5lZXJpbmdsYWJwcm9qZWN0L3VzLWNlbnRyYWwxL2RlbGV0ZVNob3AveUhPWHZiNHhLU0E  
 
[debug] [2020-03-19T00:14:30.781Z] >>> HTTP REQUEST GET https://cloudfunctions.googleapis.com/v1/operations/ZW5naW5lZXJpbmdsYWJwcm9qZWN0L3VzLWNlbnRyYWwxL2RlbGV0ZVNob3BUZXN0L1VQUzlPOTRKdHg0  
 
[debug] [2020-03-19T00:14:30.782Z] >>> HTTP REQUEST GET https://cloudfunctions.googleapis.com/v1/operations/ZW5naW5lZXJpbmdsYWJwcm9qZWN0L3VzLWNlbnRyYWwxL2NoYW5nZVNob3BOYW1lL0VtWHlGMDBHRklV  
 
[debug] [2020-03-19T00:14:30.782Z] >>> HTTP REQUEST GET https://cloudfunctions.googleapis.com/v1/operations/ZW5naW5lZXJpbmdsYWJwcm9qZWN0L3VzLWNlbnRyYWwxL2NoYW5nZVNob3BOYW1lVGVzdC9FQ29nbTNsV2hDVQ  
 
[debug] [2020-03-19T00:14:30.782Z] >>> HTTP REQUEST GET https://cloudfunctions.googleapis.com/v1/operations/ZW5naW5lZXJpbmdsYWJwcm9qZWN0L3VzLWNlbnRyYWwxL2FkZFRhZy9FYTREaUdSQ0pwSQ  
 
[debug] [2020-03-19T00:14:30.782Z] >>> HTTP REQUEST GET https://cloudfunctions.googleapis.com/v1/operations/ZW5naW5lZXJpbmdsYWJwcm9qZWN0L3VzLWNlbnRyYWwxL2FkZFRhZ1Rlc3QvM0hZclJJZFRqY1U  
 
[debug] [2020-03-19T00:14:30.782Z] >>> HTTP REQUEST GET https://cloudfunctions.googleapis.com/v1/operations/ZW5naW5lZXJpbmdsYWJwcm9qZWN0L3VzLWNlbnRyYWwxL3JlbW92ZVRhZy9YWU9lOXBBa054bw  
 
[debug] [2020-03-19T00:14:30.783Z] >>> HTTP REQUEST GET https://cloudfunctions.googleapis.com/v1/operations/ZW5naW5lZXJpbmdsYWJwcm9qZWN0L3VzLWNlbnRyYWwxL3JlbW92ZVRhZ1Rlc3QvTmxhN1pBS29oSnc  
 
[debug] [2020-03-19T00:14:30.783Z] >>> HTTP REQUEST GET https://cloudfunctions.googleapis.com/v1/operations/ZW5naW5lZXJpbmdsYWJwcm9qZWN0L3VzLWNlbnRyYWwxL2FkZEl0ZW0vNy1UQkFucTJOYWc  
 
[debug] [2020-03-19T00:14:30.783Z] >>> HTTP REQUEST GET https://cloudfunctions.googleapis.com/v1/operations/ZW5naW5lZXJpbmdsYWJwcm9qZWN0L3VzLWNlbnRyYWwxL2FkZEl0ZW1UZXN0L19pR1M3UEd4ZG9J  
 
[debug] [2020-03-19T00:14:30.783Z] >>> HTTP REQUEST GET https://cloudfunctions.googleapis.com/v1/operations/ZW5naW5lZXJpbmdsYWJwcm9qZWN0L3VzLWNlbnRyYWwxL3JlbW92ZUl0ZW0vczVRWEZBWmpOVjA  
 
[debug] [2020-03-19T00:14:30.783Z] >>> HTTP REQUEST GET https://cloudfunctions.googleapis.com/v1/operations/ZW5naW5lZXJpbmdsYWJwcm9qZWN0L3VzLWNlbnRyYWwxL3JlbW92ZUl0ZW1UZXN0Ly12M1liMEVaQ3Zj  
 
[debug] [2020-03-19T00:14:30.784Z] >>> HTTP REQUEST GET https://cloudfunctions.googleapis.com/v1/operations/ZW5naW5lZXJpbmdsYWJwcm9qZWN0L3VzLWNlbnRyYWwxL3B1cmNoYXNlSXRlbXNGcm9tU2hvcC96VjZCb0VqV2RiTQ  
 
[debug] [2020-03-19T00:14:30.784Z] >>> HTTP REQUEST GET https://cloudfunctions.googleapis.com/v1/operations/ZW5naW5lZXJpbmdsYWJwcm9qZWN0L3VzLWNlbnRyYWwxL3B1cmNoYXNlSXRlbXNUZXN0L0RieDBIWC1xcFZj  
 
[debug] [2020-03-19T00:14:31.059Z] <<< HTTP RESPONSE 200
[debug] [2020-03-19T00:14:31.061Z] <<< HTTP RESPONSE 200
[debug] [2020-03-19T00:14:31.063Z] <<< HTTP RESPONSE 200
[debug] [2020-03-19T00:14:31.064Z] <<< HTTP RESPONSE 200
[debug] [2020-03-19T00:14:31.065Z] <<< HTTP RESPONSE 200
[debug] [2020-03-19T00:14:31.069Z] <<< HTTP RESPONSE 200
[debug] [2020-03-19T00:14:31.073Z] <<< HTTP RESPONSE 200
[debug] [2020-03-19T00:14:31.074Z] <<< HTTP RESPONSE 200
[debug] [2020-03-19T00:14:31.079Z] <<< HTTP RESPONSE 200
[debug] [2020-03-19T00:14:31.084Z] <<< HTTP RESPONSE 200
[debug] [2020-03-19T00:14:31.085Z] <<< HTTP RESPONSE 200
[debug] [2020-03-19T00:14:31.086Z] <<< HTTP RESPONSE 200
[debug] [2020-03-19T00:14:31.087Z] <<< HTTP RESPONSE 200
[debug] [2020-03-19T00:14:31.087Z] <<< HTTP RESPONSE 200
[debug] [2020-03-19T00:14:31.089Z] <<< HTTP RESPONSE 200
[debug] [2020-03-19T00:14:31.095Z] <<< HTTP RESPONSE 200
[debug] [2020-03-19T00:14:31.097Z] <<< HTTP RESPONSE 200
[debug] [2020-03-19T00:14:31.164Z] <<< HTTP RESPONSE 200
[debug] [2020-03-19T00:14:36.064Z] >>> HTTP REQUEST GET https://cloudfunctions.googleapis.com/v1/operations/ZW5naW5lZXJpbmdsYWJwcm9qZWN0L3VzLWNlbnRyYWwxL2RlbGV0ZVNob3AveUhPWHZiNHhLU0E  
 
[debug] [2020-03-19T00:14:36.065Z] >>> HTTP REQUEST GET https://cloudfunctions.googleapis.com/v1/operations/ZW5naW5lZXJpbmdsYWJwcm9qZWN0L3VzLWNlbnRyYWwxL2NyZWF0ZU1lcmNoYW50VGVzdC9FUHRJNWZtNkIyTQ  
 
[debug] [2020-03-19T00:14:36.066Z] >>> HTTP REQUEST GET https://cloudfunctions.googleapis.com/v1/operations/ZW5naW5lZXJpbmdsYWJwcm9qZWN0L3VzLWNlbnRyYWwxL2NyZWF0ZU1lcmNoYW50L3hzWmdENGRoV3Fr  
 
[debug] [2020-03-19T00:14:36.071Z] >>> HTTP REQUEST GET https://cloudfunctions.googleapis.com/v1/operations/ZW5naW5lZXJpbmdsYWJwcm9qZWN0L3VzLWNlbnRyYWwxL2NoYW5nZVNob3BOYW1lL0VtWHlGMDBHRklV  
 
[debug] [2020-03-19T00:14:36.071Z] >>> HTTP REQUEST GET https://cloudfunctions.googleapis.com/v1/operations/ZW5naW5lZXJpbmdsYWJwcm9qZWN0L3VzLWNlbnRyYWwxL3JlbW92ZUl0ZW1UZXN0Ly12M1liMEVaQ3Zj  
 
[debug] [2020-03-19T00:14:36.071Z] >>> HTTP REQUEST GET https://cloudfunctions.googleapis.com/v1/operations/ZW5naW5lZXJpbmdsYWJwcm9qZWN0L3VzLWNlbnRyYWwxL2FkZFNob3BUZXN0L2NwUDBuZ05CT2w0  
 
[debug] [2020-03-19T00:14:36.076Z] >>> HTTP REQUEST GET https://cloudfunctions.googleapis.com/v1/operations/ZW5naW5lZXJpbmdsYWJwcm9qZWN0L3VzLWNlbnRyYWwxL2NyZWF0ZUN1c3RvbWVyVGVzdC9SYXMySzFlRUFDOA  
 
[debug] [2020-03-19T00:14:36.077Z] >>> HTTP REQUEST GET https://cloudfunctions.googleapis.com/v1/operations/ZW5naW5lZXJpbmdsYWJwcm9qZWN0L3VzLWNlbnRyYWwxL2FkZEl0ZW1UZXN0L19pR1M3UEd4ZG9J  
 
[debug] [2020-03-19T00:14:36.079Z] >>> HTTP REQUEST GET https://cloudfunctions.googleapis.com/v1/operations/ZW5naW5lZXJpbmdsYWJwcm9qZWN0L3VzLWNlbnRyYWwxL2NoYW5nZVNob3BOYW1lVGVzdC9FQ29nbTNsV2hDVQ  
 
[debug] [2020-03-19T00:14:36.086Z] >>> HTTP REQUEST GET https://cloudfunctions.googleapis.com/v1/operations/ZW5naW5lZXJpbmdsYWJwcm9qZWN0L3VzLWNlbnRyYWwxL3JlbW92ZUl0ZW0vczVRWEZBWmpOVjA  
 
[debug] [2020-03-19T00:14:36.086Z] >>> HTTP REQUEST GET https://cloudfunctions.googleapis.com/v1/operations/ZW5naW5lZXJpbmdsYWJwcm9qZWN0L3VzLWNlbnRyYWwxL2FkZFRhZ1Rlc3QvM0hZclJJZFRqY1U  
 
[debug] [2020-03-19T00:14:36.089Z] >>> HTTP REQUEST GET https://cloudfunctions.googleapis.com/v1/operations/ZW5naW5lZXJpbmdsYWJwcm9qZWN0L3VzLWNlbnRyYWwxL3JlbW92ZVRhZ1Rlc3QvTmxhN1pBS29oSnc  
 
[debug] [2020-03-19T00:14:36.089Z] >>> HTTP REQUEST GET https://cloudfunctions.googleapis.com/v1/operations/ZW5naW5lZXJpbmdsYWJwcm9qZWN0L3VzLWNlbnRyYWwxL2RlbGV0ZVNob3BUZXN0L1VQUzlPOTRKdHg0  
 
[debug] [2020-03-19T00:14:36.090Z] >>> HTTP REQUEST GET https://cloudfunctions.googleapis.com/v1/operations/ZW5naW5lZXJpbmdsYWJwcm9qZWN0L3VzLWNlbnRyYWwxL3JlbW92ZVRhZy9YWU9lOXBBa054bw  
 
[debug] [2020-03-19T00:14:36.094Z] >>> HTTP REQUEST GET https://cloudfunctions.googleapis.com/v1/operations/ZW5naW5lZXJpbmdsYWJwcm9qZWN0L3VzLWNlbnRyYWwxL2FkZEl0ZW0vNy1UQkFucTJOYWc  
 
[debug] [2020-03-19T00:14:36.096Z] >>> HTTP REQUEST GET https://cloudfunctions.googleapis.com/v1/operations/ZW5naW5lZXJpbmdsYWJwcm9qZWN0L3VzLWNlbnRyYWwxL2FkZFRhZy9FYTREaUdSQ0pwSQ  
 
[debug] [2020-03-19T00:14:36.097Z] >>> HTTP REQUEST GET https://cloudfunctions.googleapis.com/v1/operations/ZW5naW5lZXJpbmdsYWJwcm9qZWN0L3VzLWNlbnRyYWwxL3B1cmNoYXNlSXRlbXNUZXN0L0RieDBIWC1xcFZj  
 
[debug] [2020-03-19T00:14:36.167Z] >>> HTTP REQUEST GET https://cloudfunctions.googleapis.com/v1/operations/ZW5naW5lZXJpbmdsYWJwcm9qZWN0L3VzLWNlbnRyYWwxL3B1cmNoYXNlSXRlbXNGcm9tU2hvcC96VjZCb0VqV2RiTQ  
 
[debug] [2020-03-19T00:14:36.336Z] <<< HTTP RESPONSE 200
[debug] [2020-03-19T00:14:36.344Z] <<< HTTP RESPONSE 200
[debug] [2020-03-19T00:14:36.353Z] <<< HTTP RESPONSE 200
[debug] [2020-03-19T00:14:36.362Z] <<< HTTP RESPONSE 200
[debug] [2020-03-19T00:14:36.366Z] <<< HTTP RESPONSE 200
[debug] [2020-03-19T00:14:36.368Z] <<< HTTP RESPONSE 200
[debug] [2020-03-19T00:14:36.395Z] <<< HTTP RESPONSE 200
[debug] [2020-03-19T00:14:36.407Z] <<< HTTP RESPONSE 200
[debug] [2020-03-19T00:14:36.417Z] <<< HTTP RESPONSE 200
[debug] [2020-03-19T00:14:36.426Z] <<< HTTP RESPONSE 200
[debug] [2020-03-19T00:14:36.431Z] <<< HTTP RESPONSE 200
[debug] [2020-03-19T00:14:36.432Z] <<< HTTP RESPONSE 200
[debug] [2020-03-19T00:14:36.436Z] <<< HTTP RESPONSE 200
[debug] [2020-03-19T00:14:36.439Z] <<< HTTP RESPONSE 200
[debug] [2020-03-19T00:14:36.442Z] <<< HTTP RESPONSE 200
[debug] [2020-03-19T00:14:36.443Z] <<< HTTP RESPONSE 200
[debug] [2020-03-19T00:14:36.557Z] <<< HTTP RESPONSE 200
[debug] [2020-03-19T00:14:36.739Z] <<< HTTP RESPONSE 200
[debug] [2020-03-19T00:14:41.342Z] >>> HTTP REQUEST GET https://cloudfunctions.googleapis.com/v1/operations/ZW5naW5lZXJpbmdsYWJwcm9qZWN0L3VzLWNlbnRyYWwxL2NyZWF0ZU1lcmNoYW50VGVzdC9FUHRJNWZtNkIyTQ  
 
[debug] [2020-03-19T00:14:41.345Z] >>> HTTP REQUEST GET https://cloudfunctions.googleapis.com/v1/operations/ZW5naW5lZXJpbmdsYWJwcm9qZWN0L3VzLWNlbnRyYWwxL2NyZWF0ZU1lcmNoYW50L3hzWmdENGRoV3Fr  
 
[debug] [2020-03-19T00:14:41.355Z] >>> HTTP REQUEST GET https://cloudfunctions.googleapis.com/v1/operations/ZW5naW5lZXJpbmdsYWJwcm9qZWN0L3VzLWNlbnRyYWwxL2RlbGV0ZVNob3AveUhPWHZiNHhLU0E  
 
[debug] [2020-03-19T00:14:41.364Z] >>> HTTP REQUEST GET https://cloudfunctions.googleapis.com/v1/operations/ZW5naW5lZXJpbmdsYWJwcm9qZWN0L3VzLWNlbnRyYWwxL2NoYW5nZVNob3BOYW1lL0VtWHlGMDBHRklV  
 
[debug] [2020-03-19T00:14:41.367Z] >>> HTTP REQUEST GET https://cloudfunctions.googleapis.com/v1/operations/ZW5naW5lZXJpbmdsYWJwcm9qZWN0L3VzLWNlbnRyYWwxL2FkZEl0ZW1UZXN0L19pR1M3UEd4ZG9J  
 
[debug] [2020-03-19T00:14:41.369Z] >>> HTTP REQUEST GET https://cloudfunctions.googleapis.com/v1/operations/ZW5naW5lZXJpbmdsYWJwcm9qZWN0L3VzLWNlbnRyYWwxL3JlbW92ZUl0ZW1UZXN0Ly12M1liMEVaQ3Zj  
 
[debug] [2020-03-19T00:14:41.396Z] >>> HTTP REQUEST GET https://cloudfunctions.googleapis.com/v1/operations/ZW5naW5lZXJpbmdsYWJwcm9qZWN0L3VzLWNlbnRyYWwxL2NoYW5nZVNob3BOYW1lVGVzdC9FQ29nbTNsV2hDVQ  
 
[debug] [2020-03-19T00:14:41.410Z] >>> HTTP REQUEST GET https://cloudfunctions.googleapis.com/v1/operations/ZW5naW5lZXJpbmdsYWJwcm9qZWN0L3VzLWNlbnRyYWwxL2NyZWF0ZUN1c3RvbWVyVGVzdC9SYXMySzFlRUFDOA  
 
[debug] [2020-03-19T00:14:41.419Z] >>> HTTP REQUEST GET https://cloudfunctions.googleapis.com/v1/operations/ZW5naW5lZXJpbmdsYWJwcm9qZWN0L3VzLWNlbnRyYWwxL3JlbW92ZUl0ZW0vczVRWEZBWmpOVjA  
 
[debug] [2020-03-19T00:14:41.427Z] >>> HTTP REQUEST GET https://cloudfunctions.googleapis.com/v1/operations/ZW5naW5lZXJpbmdsYWJwcm9qZWN0L3VzLWNlbnRyYWwxL2FkZFRhZ1Rlc3QvM0hZclJJZFRqY1U  
 
[debug] [2020-03-19T00:14:41.433Z] >>> HTTP REQUEST GET https://cloudfunctions.googleapis.com/v1/operations/ZW5naW5lZXJpbmdsYWJwcm9qZWN0L3VzLWNlbnRyYWwxL3B1cmNoYXNlSXRlbXNUZXN0L0RieDBIWC1xcFZj  
 
[debug] [2020-03-19T00:14:41.435Z] >>> HTTP REQUEST GET https://cloudfunctions.googleapis.com/v1/operations/ZW5naW5lZXJpbmdsYWJwcm9qZWN0L3VzLWNlbnRyYWwxL3JlbW92ZVRhZy9YWU9lOXBBa054bw  
 
[debug] [2020-03-19T00:14:41.438Z] >>> HTTP REQUEST GET https://cloudfunctions.googleapis.com/v1/operations/ZW5naW5lZXJpbmdsYWJwcm9qZWN0L3VzLWNlbnRyYWwxL2RlbGV0ZVNob3BUZXN0L1VQUzlPOTRKdHg0  
 
[debug] [2020-03-19T00:14:41.439Z] >>> HTTP REQUEST GET https://cloudfunctions.googleapis.com/v1/operations/ZW5naW5lZXJpbmdsYWJwcm9qZWN0L3VzLWNlbnRyYWwxL2FkZFRhZy9FYTREaUdSQ0pwSQ  
 
[debug] [2020-03-19T00:14:41.441Z] >>> HTTP REQUEST GET https://cloudfunctions.googleapis.com/v1/operations/ZW5naW5lZXJpbmdsYWJwcm9qZWN0L3VzLWNlbnRyYWwxL2FkZEl0ZW0vNy1UQkFucTJOYWc  
 
[debug] [2020-03-19T00:14:41.444Z] >>> HTTP REQUEST GET https://cloudfunctions.googleapis.com/v1/operations/ZW5naW5lZXJpbmdsYWJwcm9qZWN0L3VzLWNlbnRyYWwxL3JlbW92ZVRhZ1Rlc3QvTmxhN1pBS29oSnc  
 
[debug] [2020-03-19T00:14:41.561Z] >>> HTTP REQUEST GET https://cloudfunctions.googleapis.com/v1/operations/ZW5naW5lZXJpbmdsYWJwcm9qZWN0L3VzLWNlbnRyYWwxL2FkZFNob3BUZXN0L2NwUDBuZ05CT2w0  
 
[debug] [2020-03-19T00:14:41.563Z] <<< HTTP RESPONSE 200
[debug] [2020-03-19T00:14:41.604Z] <<< HTTP RESPONSE 200
[debug] [2020-03-19T00:14:41.612Z] <<< HTTP RESPONSE 200
[debug] [2020-03-19T00:14:41.616Z] <<< HTTP RESPONSE 200
[debug] [2020-03-19T00:14:41.638Z] <<< HTTP RESPONSE 200
[debug] [2020-03-19T00:14:41.652Z] <<< HTTP RESPONSE 200
[debug] [2020-03-19T00:14:41.702Z] <<< HTTP RESPONSE 200
[debug] [2020-03-19T00:14:41.716Z] <<< HTTP RESPONSE 200
[debug] [2020-03-19T00:14:41.723Z] <<< HTTP RESPONSE 200
[debug] [2020-03-19T00:14:41.724Z] <<< HTTP RESPONSE 200
[debug] [2020-03-19T00:14:41.740Z] >>> HTTP REQUEST GET https://cloudfunctions.googleapis.com/v1/operations/ZW5naW5lZXJpbmdsYWJwcm9qZWN0L3VzLWNlbnRyYWwxL3B1cmNoYXNlSXRlbXNGcm9tU2hvcC96VjZCb0VqV2RiTQ  
 
[debug] [2020-03-19T00:14:41.747Z] <<< HTTP RESPONSE 200
[debug] [2020-03-19T00:14:41.748Z] <<< HTTP RESPONSE 200
[debug] [2020-03-19T00:14:41.751Z] <<< HTTP RESPONSE 200
[debug] [2020-03-19T00:14:41.753Z] <<< HTTP RESPONSE 200
[debug] [2020-03-19T00:14:41.757Z] <<< HTTP RESPONSE 200
[debug] [2020-03-19T00:14:41.775Z] <<< HTTP RESPONSE 200
[debug] [2020-03-19T00:14:41.870Z] <<< HTTP RESPONSE 200
[debug] [2020-03-19T00:14:41.976Z] <<< HTTP RESPONSE 200
